mode: set
github.com/owulveryck/mcpkg/kg_builder.go:7.36,14.2 4 1
github.com/owulveryck/mcpkg/kg_builder.go:18.37,19.43 1 1
github.com/owulveryck/mcpkg/kg_builder.go:19.43,20.45 1 1
github.com/owulveryck/mcpkg/kg_builder.go:22.2,23.9 2 1
github.com/owulveryck/mcpkg/kg_builder.go:23.9,25.3 1 1
github.com/owulveryck/mcpkg/kg_builder.go:26.2,26.25 1 1
github.com/owulveryck/mcpkg/kg_builder.go:30.66,35.2 1 1
github.com/owulveryck/mcpkg/kg_builder.go:46.37,51.47 3 1
github.com/owulveryck/mcpkg/kg_builder.go:51.47,53.3 1 1
github.com/owulveryck/mcpkg/kg_builder.go:55.2,55.45 1 1
github.com/owulveryck/mcpkg/kg_builder.go:55.45,57.3 1 1
github.com/owulveryck/mcpkg/kg_builder.go:60.2,61.9 2 1
github.com/owulveryck/mcpkg/kg_builder.go:61.9,66.3 1 1
github.com/owulveryck/mcpkg/kg_builder.go:69.2,69.31 1 1
github.com/owulveryck/mcpkg/kg_builder.go:69.31,71.3 1 1
github.com/owulveryck/mcpkg/kg_builder.go:72.2,72.27 1 1
github.com/owulveryck/mcpkg/kg_builder.go:72.27,74.3 1 1
github.com/owulveryck/mcpkg/kg_builder.go:77.2,78.34 2 1
github.com/owulveryck/mcpkg/kg_io.go:25.40,39.37 4 1
github.com/owulveryck/mcpkg/kg_io.go:39.37,40.33 1 1
github.com/owulveryck/mcpkg/kg_io.go:40.33,46.4 1 1
github.com/owulveryck/mcpkg/kg_io.go:50.2,50.33 1 1
github.com/owulveryck/mcpkg/kg_io.go:55.41,66.16 5 1
github.com/owulveryck/mcpkg/kg_io.go:66.16,68.3 1 1
github.com/owulveryck/mcpkg/kg_io.go:71.2,79.38 2 1
github.com/owulveryck/mcpkg/kg_io.go:79.38,86.39 5 1
github.com/owulveryck/mcpkg/kg_io.go:86.39,87.12 1 0
github.com/owulveryck/mcpkg/kg_io.go:91.3,98.29 2 1
github.com/owulveryck/mcpkg/kg_io.go:98.29,100.4 1 1
github.com/owulveryck/mcpkg/kg_io.go:101.3,101.25 1 1
github.com/owulveryck/mcpkg/kg_io.go:101.25,103.4 1 1
github.com/owulveryck/mcpkg/kg_io.go:106.3,107.29 2 1
github.com/owulveryck/mcpkg/kg_io.go:110.2,110.16 1 1
github.com/owulveryck/mcpkg/kg_io.go:115.44,126.37 3 1
github.com/owulveryck/mcpkg/kg_io.go:126.37,127.33 1 1
github.com/owulveryck/mcpkg/kg_io.go:127.33,133.4 1 1
github.com/owulveryck/mcpkg/kg_io.go:137.2,137.33 1 1
github.com/owulveryck/mcpkg/kg_io.go:142.45,150.16 4 1
github.com/owulveryck/mcpkg/kg_io.go:150.16,152.3 1 1
github.com/owulveryck/mcpkg/kg_io.go:155.2,163.38 2 1
github.com/owulveryck/mcpkg/kg_io.go:163.38,170.39 5 1
github.com/owulveryck/mcpkg/kg_io.go:170.39,171.12 1 0
github.com/owulveryck/mcpkg/kg_io.go:175.3,182.29 2 1
github.com/owulveryck/mcpkg/kg_io.go:182.29,184.4 1 1
github.com/owulveryck/mcpkg/kg_io.go:185.3,185.25 1 1
github.com/owulveryck/mcpkg/kg_io.go:185.25,187.4 1 1
github.com/owulveryck/mcpkg/kg_io.go:190.3,191.29 2 1
github.com/owulveryck/mcpkg/kg_io.go:194.2,194.16 1 1
github.com/owulveryck/mcpkg/kg_reader.go:17.18,23.2 1 1
github.com/owulveryck/mcpkg/kg_reader.go:27.41,29.2 1 1
github.com/owulveryck/mcpkg/kg_reader.go:37.43,42.2 1 1
github.com/owulveryck/mcpkg/kg_reader.go:44.30,46.2 1 1
github.com/owulveryck/mcpkg/kg_reader.go:48.32,51.2 2 1
github.com/owulveryck/mcpkg/kg_reader.go:53.28,55.2 1 1
github.com/owulveryck/mcpkg/kg_reader.go:57.38,58.40 1 1
github.com/owulveryck/mcpkg/kg_reader.go:58.40,60.3 1 1
github.com/owulveryck/mcpkg/kg_reader.go:61.2,61.23 1 1
github.com/owulveryck/mcpkg/kg_reader.go:67.35,68.24 1 1
github.com/owulveryck/mcpkg/kg_reader.go:68.24,70.3 1 1
github.com/owulveryck/mcpkg/kg_reader.go:72.2,73.32 2 1
github.com/owulveryck/mcpkg/kg_reader.go:73.32,75.3 1 1
github.com/owulveryck/mcpkg/kg_reader.go:76.2,76.27 1 1
github.com/owulveryck/mcpkg/kg_reader.go:83.42,84.24 1 1
github.com/owulveryck/mcpkg/kg_reader.go:84.24,86.3 1 1
github.com/owulveryck/mcpkg/kg_reader.go:88.2,89.31 2 1
github.com/owulveryck/mcpkg/kg_reader.go:89.31,90.36 1 1
github.com/owulveryck/mcpkg/kg_reader.go:90.36,92.4 1 1
github.com/owulveryck/mcpkg/kg_reader.go:94.2,94.27 1 1
github.com/owulveryck/mcpkg/kg_reader.go:99.57,101.31 1 1
github.com/owulveryck/mcpkg/kg_reader.go:101.31,102.37 1 1
github.com/owulveryck/mcpkg/kg_reader.go:102.37,104.4 1 1
github.com/owulveryck/mcpkg/kg_reader.go:108.2,108.31 1 1
github.com/owulveryck/mcpkg/kg_reader.go:108.31,109.37 1 1
github.com/owulveryck/mcpkg/kg_reader.go:109.37,111.4 1 1
github.com/owulveryck/mcpkg/kg_reader.go:114.2,114.14 1 1
github.com/owulveryck/mcpkg/kg_reader.go:121.53,122.32 1 1
github.com/owulveryck/mcpkg/kg_reader.go:122.32,124.3 1 1
github.com/owulveryck/mcpkg/kg_reader.go:126.2,127.9 2 1
github.com/owulveryck/mcpkg/kg_reader.go:127.9,129.3 1 1
github.com/owulveryck/mcpkg/kg_reader.go:131.2,131.13 1 1
github.com/owulveryck/mcpkg/kg_reader.go:136.56,137.32 1 1
github.com/owulveryck/mcpkg/kg_reader.go:137.32,139.3 1 1
github.com/owulveryck/mcpkg/kg_reader.go:141.2,142.11 2 1
github.com/owulveryck/mcpkg/kg_reader.go:149.40,150.22 1 1
github.com/owulveryck/mcpkg/kg_reader.go:150.22,152.3 1 1
github.com/owulveryck/mcpkg/kg_reader.go:154.2,155.29 2 1
github.com/owulveryck/mcpkg/kg_reader.go:155.29,156.36 1 1
github.com/owulveryck/mcpkg/kg_reader.go:156.36,158.4 1 1
github.com/owulveryck/mcpkg/kg_reader.go:160.2,160.27 1 1
github.com/owulveryck/mcpkg/main.go:7.13,26.19 11 1
github.com/owulveryck/mcpkg/main.go:26.19,29.3 2 1
github.com/owulveryck/mcpkg/main.go:32.2,38.45 2 1
github.com/owulveryck/mcpkg/node.go:8.30,10.2 1 1
github.com/owulveryck/mcpkg/predicate.go:13.47,15.2 1 1
github.com/owulveryck/mcpkg/predicate.go:18.45,20.2 1 1
github.com/owulveryck/mcpkg/predicate.go:28.55,33.2 1 1
