mode: set
github.com/owulveryck/mcpkg/kg_builder.go:7.36,14.2 4 1
github.com/owulveryck/mcpkg/kg_builder.go:18.37,19.43 1 1
github.com/owulveryck/mcpkg/kg_builder.go:19.43,20.45 1 1
github.com/owulveryck/mcpkg/kg_builder.go:22.2,23.9 2 1
github.com/owulveryck/mcpkg/kg_builder.go:23.9,25.3 1 1
github.com/owulveryck/mcpkg/kg_builder.go:26.2,26.25 1 1
github.com/owulveryck/mcpkg/kg_builder.go:30.66,35.2 1 1
github.com/owulveryck/mcpkg/kg_builder.go:46.37,51.47 3 1
github.com/owulveryck/mcpkg/kg_builder.go:51.47,53.3 1 1
github.com/owulveryck/mcpkg/kg_builder.go:55.2,55.45 1 1
github.com/owulveryck/mcpkg/kg_builder.go:55.45,57.3 1 1
github.com/owulveryck/mcpkg/kg_builder.go:60.2,61.9 2 1
github.com/owulveryck/mcpkg/kg_builder.go:61.9,66.3 1 1
github.com/owulveryck/mcpkg/kg_builder.go:69.2,69.31 1 1
github.com/owulveryck/mcpkg/kg_builder.go:69.31,71.3 1 1
github.com/owulveryck/mcpkg/kg_builder.go:72.2,72.27 1 1
github.com/owulveryck/mcpkg/kg_builder.go:72.27,74.3 1 1
github.com/owulveryck/mcpkg/kg_builder.go:77.2,78.34 2 1
github.com/owulveryck/mcpkg/kg_interface_build.go:7.95,13.24 3 1
github.com/owulveryck/mcpkg/kg_interface_build.go:13.24,18.3 3 1
github.com/owulveryck/mcpkg/kg_interface_build.go:21.2,22.23 2 1
github.com/owulveryck/mcpkg/kg_interface_build.go:22.23,27.3 3 1
github.com/owulveryck/mcpkg/kg_interface_build.go:30.2,39.12 3 1
github.com/owulveryck/mcpkg/kg_interface_build.go:44.72,45.43 1 1
github.com/owulveryck/mcpkg/kg_interface_build.go:45.43,47.3 1 1
github.com/owulveryck/mcpkg/kg_interface_build.go:49.2,49.32 1 1
github.com/owulveryck/mcpkg/kg_interface_build.go:49.32,50.40 1 1
github.com/owulveryck/mcpkg/kg_interface_build.go:50.40,51.12 1 0
github.com/owulveryck/mcpkg/kg_interface_build.go:54.3,54.26 1 1
github.com/owulveryck/mcpkg/kg_interface_build.go:54.26,55.31 1 1
github.com/owulveryck/mcpkg/kg_interface_build.go:55.31,57.5 1 1
github.com/owulveryck/mcpkg/kg_interface_build.go:58.9,59.48 1 1
github.com/owulveryck/mcpkg/kg_interface_build.go:59.48,61.5 1 1
github.com/owulveryck/mcpkg/kg_interface_build.go:65.2,65.12 1 1
github.com/owulveryck/mcpkg/kg_interface_build.go:70.82,71.41 1 1
github.com/owulveryck/mcpkg/kg_interface_build.go:71.41,73.3 1 1
github.com/owulveryck/mcpkg/kg_interface_build.go:75.2,75.32 1 1
github.com/owulveryck/mcpkg/kg_interface_build.go:75.32,76.30 1 1
github.com/owulveryck/mcpkg/kg_interface_build.go:76.30,77.41 1 1
github.com/owulveryck/mcpkg/kg_interface_build.go:77.41,78.13 1 0
github.com/owulveryck/mcpkg/kg_interface_build.go:81.4,81.27 1 1
github.com/owulveryck/mcpkg/kg_interface_build.go:81.27,82.32 1 1
github.com/owulveryck/mcpkg/kg_interface_build.go:82.32,84.6 1 1
github.com/owulveryck/mcpkg/kg_interface_build.go:85.10,86.49 1 1
github.com/owulveryck/mcpkg/kg_interface_build.go:86.49,88.6 1 1
github.com/owulveryck/mcpkg/kg_interface_build.go:93.2,93.12 1 1
github.com/owulveryck/mcpkg/kg_interface_build.go:97.44,98.41 1 1
github.com/owulveryck/mcpkg/kg_interface_build.go:98.41,100.3 1 1
github.com/owulveryck/mcpkg/kg_interface_build.go:102.2,104.32 2 1
github.com/owulveryck/mcpkg/kg_interface_build.go:104.32,105.30 1 1
github.com/owulveryck/mcpkg/kg_interface_build.go:105.30,106.41 1 1
github.com/owulveryck/mcpkg/kg_interface_build.go:106.41,108.5 1 1
github.com/owulveryck/mcpkg/kg_interface_build.go:113.2,114.31 2 1
github.com/owulveryck/mcpkg/kg_interface_build.go:114.31,116.3 1 1
github.com/owulveryck/mcpkg/kg_interface_build.go:118.2,118.15 1 1
github.com/owulveryck/mcpkg/kg_interface_build.go:122.36,123.43 1 1
github.com/owulveryck/mcpkg/kg_interface_build.go:123.43,125.3 1 1
github.com/owulveryck/mcpkg/kg_interface_build.go:127.2,128.32 2 1
github.com/owulveryck/mcpkg/kg_interface_build.go:128.32,129.40 1 1
github.com/owulveryck/mcpkg/kg_interface_build.go:129.40,131.4 1 1
github.com/owulveryck/mcpkg/kg_interface_build.go:134.2,134.14 1 1
github.com/owulveryck/mcpkg/kg_interface_query.go:7.93,9.15 1 1
github.com/owulveryck/mcpkg/kg_interface_query.go:9.15,11.3 1 1
github.com/owulveryck/mcpkg/kg_interface_query.go:14.2,15.17 2 1
github.com/owulveryck/mcpkg/kg_interface_query.go:15.17,17.3 1 1
github.com/owulveryck/mcpkg/kg_interface_query.go:20.2,21.45 2 1
github.com/owulveryck/mcpkg/kg_interface_query.go:21.45,23.3 1 1
github.com/owulveryck/mcpkg/kg_interface_query.go:26.2,27.33 2 1
github.com/owulveryck/mcpkg/kg_interface_query.go:27.33,28.18 1 1
github.com/owulveryck/mcpkg/kg_interface_query.go:28.18,30.4 1 1
github.com/owulveryck/mcpkg/kg_interface_query.go:33.2,33.19 1 1
github.com/owulveryck/mcpkg/kg_interface_query.go:38.91,40.15 1 1
github.com/owulveryck/mcpkg/kg_interface_query.go:40.15,42.3 1 1
github.com/owulveryck/mcpkg/kg_interface_query.go:45.2,46.17 2 1
github.com/owulveryck/mcpkg/kg_interface_query.go:46.17,48.3 1 1
github.com/owulveryck/mcpkg/kg_interface_query.go:51.2,52.41 2 1
github.com/owulveryck/mcpkg/kg_interface_query.go:52.41,54.3 1 1
github.com/owulveryck/mcpkg/kg_interface_query.go:57.2,58.31 2 1
github.com/owulveryck/mcpkg/kg_interface_query.go:58.31,59.18 1 1
github.com/owulveryck/mcpkg/kg_interface_query.go:59.18,61.4 1 1
github.com/owulveryck/mcpkg/kg_interface_query.go:64.2,64.19 1 1
github.com/owulveryck/mcpkg/kg_interface_query.go:69.102,71.15 1 1
github.com/owulveryck/mcpkg/kg_interface_query.go:71.15,73.3 1 1
github.com/owulveryck/mcpkg/kg_interface_query.go:76.2,77.21 2 1
github.com/owulveryck/mcpkg/kg_interface_query.go:77.21,79.3 1 1
github.com/owulveryck/mcpkg/kg_interface_query.go:81.2,82.19 2 1
github.com/owulveryck/mcpkg/kg_interface_query.go:82.19,84.3 1 1
github.com/owulveryck/mcpkg/kg_interface_query.go:87.2,88.22 2 1
github.com/owulveryck/mcpkg/kg_interface_query.go:88.22,90.3 1 0
github.com/owulveryck/mcpkg/kg_interface_query.go:93.2,94.17 2 1
github.com/owulveryck/mcpkg/kg_interface_query.go:94.17,96.3 1 1
github.com/owulveryck/mcpkg/kg_interface_query.go:99.2,99.27 1 1
github.com/owulveryck/mcpkg/kg_interface_query.go:104.92,106.15 1 1
github.com/owulveryck/mcpkg/kg_interface_query.go:106.15,108.3 1 1
github.com/owulveryck/mcpkg/kg_interface_query.go:110.2,111.24 2 1
github.com/owulveryck/mcpkg/kg_interface_query.go:111.24,113.3 1 1
github.com/owulveryck/mcpkg/kg_interface_query.go:116.2,118.22 3 1
github.com/owulveryck/mcpkg/kg_interface_query.go:118.22,120.3 1 1
github.com/owulveryck/mcpkg/kg_interface_query.go:123.2,123.33 1 1
github.com/owulveryck/mcpkg/kg_interface_query.go:123.33,124.40 1 1
github.com/owulveryck/mcpkg/kg_interface_query.go:124.40,125.12 1 0
github.com/owulveryck/mcpkg/kg_interface_query.go:128.3,129.44 2 1
github.com/owulveryck/mcpkg/kg_interface_query.go:129.44,130.12 1 0
github.com/owulveryck/mcpkg/kg_interface_query.go:134.3,134.34 1 1
github.com/owulveryck/mcpkg/kg_interface_query.go:134.34,136.4 1 1
github.com/owulveryck/mcpkg/kg_interface_query.go:139.3,139.70 1 1
github.com/owulveryck/mcpkg/kg_interface_query.go:142.2,142.15 1 1
github.com/owulveryck/mcpkg/kg_interface_query.go:147.90,149.15 1 1
github.com/owulveryck/mcpkg/kg_interface_query.go:149.15,151.3 1 1
github.com/owulveryck/mcpkg/kg_interface_query.go:153.2,154.23 2 1
github.com/owulveryck/mcpkg/kg_interface_query.go:154.23,156.3 1 1
github.com/owulveryck/mcpkg/kg_interface_query.go:159.2,161.20 3 1
github.com/owulveryck/mcpkg/kg_interface_query.go:161.20,163.3 1 1
github.com/owulveryck/mcpkg/kg_interface_query.go:166.2,166.31 1 1
github.com/owulveryck/mcpkg/kg_interface_query.go:166.31,167.40 1 1
github.com/owulveryck/mcpkg/kg_interface_query.go:167.40,168.12 1 0
github.com/owulveryck/mcpkg/kg_interface_query.go:171.3,172.48 2 1
github.com/owulveryck/mcpkg/kg_interface_query.go:172.48,173.12 1 0
github.com/owulveryck/mcpkg/kg_interface_query.go:177.3,177.34 1 1
github.com/owulveryck/mcpkg/kg_interface_query.go:177.34,179.4 1 1
github.com/owulveryck/mcpkg/kg_interface_query.go:182.3,182.72 1 1
github.com/owulveryck/mcpkg/kg_interface_query.go:185.2,185.15 1 1
github.com/owulveryck/mcpkg/kg_interface_query.go:190.88,192.15 1 1
github.com/owulveryck/mcpkg/kg_interface_query.go:192.15,194.3 1 1
github.com/owulveryck/mcpkg/kg_interface_query.go:196.2,199.41 2 1
github.com/owulveryck/mcpkg/kg_interface_query.go:199.41,201.3 1 1
github.com/owulveryck/mcpkg/kg_interface_query.go:203.2,205.32 2 1
github.com/owulveryck/mcpkg/kg_interface_query.go:205.32,206.30 1 1
github.com/owulveryck/mcpkg/kg_interface_query.go:206.30,207.41 1 1
github.com/owulveryck/mcpkg/kg_interface_query.go:207.41,208.13 1 0
github.com/owulveryck/mcpkg/kg_interface_query.go:212.4,213.27 2 1
github.com/owulveryck/mcpkg/kg_interface_query.go:213.27,215.5 1 1
github.com/owulveryck/mcpkg/kg_interface_query.go:215.10,217.5 1 1
github.com/owulveryck/mcpkg/kg_interface_query.go:219.4,219.15 1 1
github.com/owulveryck/mcpkg/kg_interface_query.go:219.15,224.91 4 1
github.com/owulveryck/mcpkg/kg_interface_query.go:224.91,227.6 1 1
github.com/owulveryck/mcpkg/kg_interface_query.go:232.2,232.21 1 1
github.com/owulveryck/mcpkg/kg_interface_query.go:232.21,234.3 1 1
github.com/owulveryck/mcpkg/kg_interface_query.go:236.2,236.15 1 1
github.com/owulveryck/mcpkg/kg_interface_query.go:241.100,243.15 1 1
github.com/owulveryck/mcpkg/kg_interface_query.go:243.15,245.3 1 1
github.com/owulveryck/mcpkg/kg_interface_query.go:247.2,250.41 2 1
github.com/owulveryck/mcpkg/kg_interface_query.go:250.41,252.3 1 1
github.com/owulveryck/mcpkg/kg_interface_query.go:255.2,255.53 1 1
github.com/owulveryck/mcpkg/kg_interface_query.go:255.53,256.20 1 1
github.com/owulveryck/mcpkg/kg_interface_query.go:256.20,258.4 1 1
github.com/owulveryck/mcpkg/kg_interface_query.go:260.3,260.26 1 1
github.com/owulveryck/mcpkg/kg_interface_query.go:260.26,262.4 1 1
github.com/owulveryck/mcpkg/kg_interface_query.go:264.3,264.43 1 1
github.com/owulveryck/mcpkg/kg_interface_query.go:268.2,268.32 1 1
github.com/owulveryck/mcpkg/kg_interface_query.go:268.32,269.30 1 1
github.com/owulveryck/mcpkg/kg_interface_query.go:269.30,270.41 1 1
github.com/owulveryck/mcpkg/kg_interface_query.go:270.41,271.13 1 0
github.com/owulveryck/mcpkg/kg_interface_query.go:274.4,277.90 3 1
github.com/owulveryck/mcpkg/kg_interface_query.go:277.90,278.13 1 0
github.com/owulveryck/mcpkg/kg_interface_query.go:282.4,284.46 1 1
github.com/owulveryck/mcpkg/kg_interface_query.go:284.46,287.5 1 1
github.com/owulveryck/mcpkg/kg_interface_query.go:291.2,291.15 1 1
github.com/owulveryck/mcpkg/kg_io.go:25.40,39.37 4 1
github.com/owulveryck/mcpkg/kg_io.go:39.37,40.33 1 1
github.com/owulveryck/mcpkg/kg_io.go:40.33,46.4 1 1
github.com/owulveryck/mcpkg/kg_io.go:50.2,50.33 1 1
github.com/owulveryck/mcpkg/kg_io.go:55.41,66.16 5 1
github.com/owulveryck/mcpkg/kg_io.go:66.16,68.3 1 1
github.com/owulveryck/mcpkg/kg_io.go:71.2,79.38 2 1
github.com/owulveryck/mcpkg/kg_io.go:79.38,86.39 5 1
github.com/owulveryck/mcpkg/kg_io.go:86.39,87.12 1 0
github.com/owulveryck/mcpkg/kg_io.go:91.3,98.29 2 1
github.com/owulveryck/mcpkg/kg_io.go:98.29,100.4 1 1
github.com/owulveryck/mcpkg/kg_io.go:101.3,101.25 1 1
github.com/owulveryck/mcpkg/kg_io.go:101.25,103.4 1 1
github.com/owulveryck/mcpkg/kg_io.go:106.3,107.29 2 1
github.com/owulveryck/mcpkg/kg_io.go:110.2,110.16 1 1
github.com/owulveryck/mcpkg/kg_io.go:115.44,126.37 3 1
github.com/owulveryck/mcpkg/kg_io.go:126.37,127.33 1 1
github.com/owulveryck/mcpkg/kg_io.go:127.33,133.4 1 1
github.com/owulveryck/mcpkg/kg_io.go:137.2,137.33 1 1
github.com/owulveryck/mcpkg/kg_io.go:142.45,150.16 4 1
github.com/owulveryck/mcpkg/kg_io.go:150.16,152.3 1 1
github.com/owulveryck/mcpkg/kg_io.go:155.2,163.38 2 1
github.com/owulveryck/mcpkg/kg_io.go:163.38,170.39 5 1
github.com/owulveryck/mcpkg/kg_io.go:170.39,171.12 1 0
github.com/owulveryck/mcpkg/kg_io.go:175.3,182.29 2 1
github.com/owulveryck/mcpkg/kg_io.go:182.29,184.4 1 1
github.com/owulveryck/mcpkg/kg_io.go:185.3,185.25 1 1
github.com/owulveryck/mcpkg/kg_io.go:185.25,187.4 1 1
github.com/owulveryck/mcpkg/kg_io.go:190.3,191.29 2 1
github.com/owulveryck/mcpkg/kg_io.go:194.2,194.16 1 1
github.com/owulveryck/mcpkg/kg_reader.go:17.18,23.2 1 1
github.com/owulveryck/mcpkg/kg_reader.go:27.41,29.2 1 1
github.com/owulveryck/mcpkg/kg_reader.go:37.43,42.2 1 1
github.com/owulveryck/mcpkg/kg_reader.go:44.30,46.2 1 1
github.com/owulveryck/mcpkg/kg_reader.go:48.32,51.2 2 1
github.com/owulveryck/mcpkg/kg_reader.go:53.28,55.2 1 1
github.com/owulveryck/mcpkg/kg_reader.go:57.38,58.40 1 1
github.com/owulveryck/mcpkg/kg_reader.go:58.40,60.3 1 1
github.com/owulveryck/mcpkg/kg_reader.go:61.2,61.23 1 1
github.com/owulveryck/mcpkg/kg_reader.go:67.35,68.24 1 1
github.com/owulveryck/mcpkg/kg_reader.go:68.24,70.3 1 1
github.com/owulveryck/mcpkg/kg_reader.go:72.2,73.32 2 1
github.com/owulveryck/mcpkg/kg_reader.go:73.32,75.3 1 1
github.com/owulveryck/mcpkg/kg_reader.go:76.2,76.27 1 1
github.com/owulveryck/mcpkg/kg_reader.go:83.42,84.24 1 1
github.com/owulveryck/mcpkg/kg_reader.go:84.24,86.3 1 1
github.com/owulveryck/mcpkg/kg_reader.go:88.2,89.31 2 1
github.com/owulveryck/mcpkg/kg_reader.go:89.31,90.36 1 1
github.com/owulveryck/mcpkg/kg_reader.go:90.36,92.4 1 1
github.com/owulveryck/mcpkg/kg_reader.go:94.2,94.27 1 1
github.com/owulveryck/mcpkg/kg_reader.go:99.57,101.31 1 1
github.com/owulveryck/mcpkg/kg_reader.go:101.31,102.37 1 1
github.com/owulveryck/mcpkg/kg_reader.go:102.37,104.4 1 1
github.com/owulveryck/mcpkg/kg_reader.go:108.2,108.31 1 1
github.com/owulveryck/mcpkg/kg_reader.go:108.31,109.37 1 1
github.com/owulveryck/mcpkg/kg_reader.go:109.37,111.4 1 1
github.com/owulveryck/mcpkg/kg_reader.go:114.2,114.14 1 1
github.com/owulveryck/mcpkg/kg_reader.go:121.53,122.32 1 1
github.com/owulveryck/mcpkg/kg_reader.go:122.32,124.3 1 1
github.com/owulveryck/mcpkg/kg_reader.go:126.2,127.9 2 1
github.com/owulveryck/mcpkg/kg_reader.go:127.9,129.3 1 1
github.com/owulveryck/mcpkg/kg_reader.go:131.2,131.13 1 1
github.com/owulveryck/mcpkg/kg_reader.go:136.56,137.32 1 1
github.com/owulveryck/mcpkg/kg_reader.go:137.32,139.3 1 1
github.com/owulveryck/mcpkg/kg_reader.go:141.2,142.11 2 1
github.com/owulveryck/mcpkg/kg_reader.go:149.40,150.22 1 1
github.com/owulveryck/mcpkg/kg_reader.go:150.22,152.3 1 1
github.com/owulveryck/mcpkg/kg_reader.go:154.2,155.29 2 1
github.com/owulveryck/mcpkg/kg_reader.go:155.29,156.36 1 1
github.com/owulveryck/mcpkg/kg_reader.go:156.36,158.4 1 1
github.com/owulveryck/mcpkg/kg_reader.go:160.2,160.27 1 1
github.com/owulveryck/mcpkg/main.go:7.13,26.19 11 1
github.com/owulveryck/mcpkg/main.go:26.19,29.3 2 1
github.com/owulveryck/mcpkg/main.go:32.2,38.45 2 1
github.com/owulveryck/mcpkg/node.go:8.30,10.2 1 1
github.com/owulveryck/mcpkg/predicate.go:13.47,15.2 1 1
github.com/owulveryck/mcpkg/predicate.go:18.45,20.2 1 1
github.com/owulveryck/mcpkg/predicate.go:28.55,33.2 1 1
